Arguments: 
  /home/justin/.nvm/versions/node/v14.16.0/bin/node /home/justin/.yarn/bin/yarn.js add PixiJS

PATH: 
  /home/justin/gems/bin:/home/justin/.yarn/bin:/home/justin/.config/yarn/global/node_modules/.bin:/home/justin/.local/bin:/home/justin/gems/bin:/home/justin/.yarn/bin:/home/justin/.config/yarn/global/node_modules/.bin:/home/justin/.nvm/versions/node/v14.16.0/bin:/home/justin/.local/bin:/home/justin/.local/bin:/usr/local/sbin:/usr/local/bin:/usr/sbin:/usr/bin:/sbin:/bin:/usr/games:/usr/local/games:/snap/bin

Yarn version: 
  1.22.5

Node version: 
  14.16.0

Platform: 
  linux x64

Trace: 
  Error: https://registry.yarnpkg.com/PixiJS: Not found
      at Request.params.callback [as _callback] (/home/justin/.yarn/lib/cli.js:66988:18)
      at Request.self.callback (/home/justin/.yarn/lib/cli.js:140749:22)
      at Request.emit (events.js:315:20)
      at Request.<anonymous> (/home/justin/.yarn/lib/cli.js:141721:10)
      at Request.emit (events.js:315:20)
      at IncomingMessage.<anonymous> (/home/justin/.yarn/lib/cli.js:141643:12)
      at Object.onceWrapper (events.js:421:28)
      at IncomingMessage.emit (events.js:327:22)
      at endReadableNT (internal/streams/readable.js:1327:12)
      at processTicksAndRejections (internal/process/task_queues.js:80:21)

npm manifest: 
  No manifest

yarn manifest: 
  No manifest

Lockfile: 
  No lockfile
